<?xml version="1.0" encoding="UTF-8"?>
<!-- Generated by org.testng.reporters.JUnitXMLReporter -->
<testsuite ignored="0" hostname="DESKTOP-LOB8KKR" failures="0" tests="4" name="Command line test" time="24.047" errors="0" timestamp="2023-05-14T17:54:19 ALMT">
  <testcase classname="TestCases" name="closeCookiesTest" time="2.627"/>
  <testcase classname="TestCases" name="hideHelpFormTest" time="0.71"/>
  <testcase classname="TestCases" name="loginAvatarAndInterestsTest" time="6.451"/>
  <testcase classname="TestCases" name="timerStartValueTest" time="0.627"/>
</testsuite> <!-- Command line test -->
